-------------------------------------------------------------------------------
Test set: com.Generator.GeneratorApplicationTests
-------------------------------------------------------------------------------
Tests run: 1, Failures: 0, Errors: 1, Skipped: 0, Time elapsed: 0.089 s <<< FAILURE! - in com.Generator.GeneratorApplicationTests
initializationError(com.Generator.GeneratorApplicationTests)  Time elapsed: 0.004 s  <<< ERROR!
java.lang.ExceptionInInitializerError
Caused by: java.lang.IllegalStateException: SpringJUnit4ClassRunner requires JUnit 4.12 or higher.

